[debug] [2023-05-07T14:06:38.599Z] ----------------------------------------------------------------------
[debug] [2023-05-07T14:06:38.602Z] Command:       C:\Program Files\nodejs\node.exe C:\Users\Siddharth\AppData\Roaming\npm\node_modules\firebase-tools\lib\bin\firebase.js init
[debug] [2023-05-07T14:06:38.604Z] CLI Version:   11.30.0
[debug] [2023-05-07T14:06:38.604Z] Platform:      win32
[debug] [2023-05-07T14:06:38.604Z] Node Version:  v18.12.1
[debug] [2023-05-07T14:06:38.606Z] Time:          Sun May 07 2023 19:36:38 GMT+0530 (India Standard Time)
[debug] [2023-05-07T14:06:38.607Z] ----------------------------------------------------------------------
[debug] 
[debug] [2023-05-07T14:06:38.623Z] > command requires scopes: ["email","openid","https://www.googleapis.com/auth/cloudplatformprojects.readonly","https://www.googleapis.com/auth/firebase","https://www.googleapis.com/auth/cloud-platform"]
[debug] [2023-05-07T14:06:38.623Z] > authorizing via signed-in user (siddharthjawahire@gmail.com)
[info] 
     ######## #### ########  ######## ########     ###     ######  ########
     ##        ##  ##     ## ##       ##     ##  ##   ##  ##       ##
     ######    ##  ########  ######   ########  #########  ######  ######
     ##        ##  ##    ##  ##       ##     ## ##     ##       ## ##
     ##       #### ##     ## ######## ########  ##     ##  ######  ########

You're about to initialize a Firebase project in this directory:

  C:\Users\Siddharth\OneDrive\Desktop\SEO\SEO\client

[info] 
=== Project Setup
[info] 
[info] First, let's associate this project directory with a Firebase project.
[info] You can create multiple project aliases by running firebase use --add, 
[info] but for now we'll just set up a default project.
[info] 
[debug] [2023-05-07T14:07:06.459Z] >>> [apiv2][query] GET https://firebase.googleapis.com/v1beta1/projects pageSize=100
[debug] [2023-05-07T14:07:07.955Z] <<< [apiv2][status] GET https://firebase.googleapis.com/v1beta1/projects 200
[debug] [2023-05-07T14:07:07.956Z] <<< [apiv2][body] GET https://firebase.googleapis.com/v1beta1/projects [omitted]
[info] i  Using project seo-check-1609 (seo-check) 
[info] 
=== Hosting Setup
[info] 
[info] Your public directory is the folder (relative to your project directory) that
[info] will contain Hosting assets to be uploaded with firebase deploy. If you
[info] have a build process for your assets, use your build's output directory.
[info] 
